[1.197s] Invoking command in '/home/jvv/Desktop/tmp_code/python_Files/ros2-tut/chapt3/topic_wp/src/demo_python_topic': CONDA_PROMPT_MODIFIER=(base) DEBUGINFOD_URLS=https://debuginfod.ubuntu.com PYTHONPATH=/home/jvv/Desktop/tmp_code/python_Files/ros2-tut/chapt3/topic_wp/build/demo_python_topic/prefix_override:/usr/lib/python3/dist-packages/colcon_core/task/python/colcon_distutils_commands:/home/jvv/Desktop/tmp_code/python_Files/ros2-tut/chapt3/topic_wp/install/demo_python_topic/lib/python3.12/site-packages:${PYTHONPATH} /usr/bin/python3 -W ignore:setup.py install is deprecated -W ignore:easy_install command is deprecated setup.py egg_info --egg-base ../../build/demo_python_topic build --build-base /home/jvv/Desktop/tmp_code/python_Files/ros2-tut/chapt3/topic_wp/build/demo_python_topic/build install --record /home/jvv/Desktop/tmp_code/python_Files/ros2-tut/chapt3/topic_wp/build/demo_python_topic/install.log --single-version-externally-managed install_data
[1.556s] running egg_info
[1.582s] writing ../../build/demo_python_topic/demo_python_topic.egg-info/PKG-INFO
[1.582s] writing dependency_links to ../../build/demo_python_topic/demo_python_topic.egg-info/dependency_links.txt
[1.583s] writing entry points to ../../build/demo_python_topic/demo_python_topic.egg-info/entry_points.txt
[1.583s] writing requirements to ../../build/demo_python_topic/demo_python_topic.egg-info/requires.txt
[1.583s] writing top-level names to ../../build/demo_python_topic/demo_python_topic.egg-info/top_level.txt
[1.639s] reading manifest file '../../build/demo_python_topic/demo_python_topic.egg-info/SOURCES.txt'
[1.639s] adding license file 'LICENSE'
[1.640s] writing manifest file '../../build/demo_python_topic/demo_python_topic.egg-info/SOURCES.txt'
[1.641s] running build
[1.641s] running build_py
[1.642s] copying demo_python_topic/novel_pub_node.py -> /home/jvv/Desktop/tmp_code/python_Files/ros2-tut/chapt3/topic_wp/build/demo_python_topic/build/lib/demo_python_topic
[1.642s] running install
[1.651s] running install_lib
[1.681s] copying /home/jvv/Desktop/tmp_code/python_Files/ros2-tut/chapt3/topic_wp/build/demo_python_topic/build/lib/demo_python_topic/novel_pub_node.py -> /home/jvv/Desktop/tmp_code/python_Files/ros2-tut/chapt3/topic_wp/install/demo_python_topic/lib/python3.12/site-packages/demo_python_topic
[1.682s] byte-compiling /home/jvv/Desktop/tmp_code/python_Files/ros2-tut/chapt3/topic_wp/install/demo_python_topic/lib/python3.12/site-packages/demo_python_topic/novel_pub_node.py to novel_pub_node.cpython-312.pyc
[1.683s] running install_data
[1.683s] running install_egg_info
[1.712s] removing '/home/jvv/Desktop/tmp_code/python_Files/ros2-tut/chapt3/topic_wp/install/demo_python_topic/lib/python3.12/site-packages/demo_python_topic-0.0.0-py3.12.egg-info' (and everything under it)
[1.713s] Copying ../../build/demo_python_topic/demo_python_topic.egg-info to /home/jvv/Desktop/tmp_code/python_Files/ros2-tut/chapt3/topic_wp/install/demo_python_topic/lib/python3.12/site-packages/demo_python_topic-0.0.0-py3.12.egg-info
[1.715s] running install_scripts
[1.894s] Installing novel_pub_node script to /home/jvv/Desktop/tmp_code/python_Files/ros2-tut/chapt3/topic_wp/install/demo_python_topic/lib/demo_python_topic
[1.894s] writing list of installed files to '/home/jvv/Desktop/tmp_code/python_Files/ros2-tut/chapt3/topic_wp/build/demo_python_topic/install.log'
[1.948s] Invoked command in '/home/jvv/Desktop/tmp_code/python_Files/ros2-tut/chapt3/topic_wp/src/demo_python_topic' returned '0': CONDA_PROMPT_MODIFIER=(base) DEBUGINFOD_URLS=https://debuginfod.ubuntu.com PYTHONPATH=/home/jvv/Desktop/tmp_code/python_Files/ros2-tut/chapt3/topic_wp/build/demo_python_topic/prefix_override:/usr/lib/python3/dist-packages/colcon_core/task/python/colcon_distutils_commands:/home/jvv/Desktop/tmp_code/python_Files/ros2-tut/chapt3/topic_wp/install/demo_python_topic/lib/python3.12/site-packages:${PYTHONPATH} /usr/bin/python3 -W ignore:setup.py install is deprecated -W ignore:easy_install command is deprecated setup.py egg_info --egg-base ../../build/demo_python_topic build --build-base /home/jvv/Desktop/tmp_code/python_Files/ros2-tut/chapt3/topic_wp/build/demo_python_topic/build install --record /home/jvv/Desktop/tmp_code/python_Files/ros2-tut/chapt3/topic_wp/build/demo_python_topic/install.log --single-version-externally-managed install_data
