running egg_info
writing ../../build/demo_python_topic/demo_python_topic.egg-info/PKG-INFO
writing dependency_links to ../../build/demo_python_topic/demo_python_topic.egg-info/dependency_links.txt
writing requirements to ../../build/demo_python_topic/demo_python_topic.egg-info/requires.txt
writing top-level names to ../../build/demo_python_topic/demo_python_topic.egg-info/top_level.txt
reading manifest file '../../build/demo_python_topic/demo_python_topic.egg-info/SOURCES.txt'
adding license file 'LICENSE'
writing manifest file '../../build/demo_python_topic/demo_python_topic.egg-info/SOURCES.txt'
running build
running build_py
copying demo_python_topic/novel_pub_node.py -> /home/jvv/Desktop/tmp_code/python_Files/ros2-tut/chapt3/topic_wp/build/demo_python_topic/build/lib/demo_python_topic
running install
running install_lib
copying /home/jvv/Desktop/tmp_code/python_Files/ros2-tut/chapt3/topic_wp/build/demo_python_topic/build/lib/demo_python_topic/novel_pub_node.py -> /home/jvv/Desktop/tmp_code/python_Files/ros2-tut/chapt3/topic_wp/install/demo_python_topic/lib/python3.12/site-packages/demo_python_topic
byte-compiling /home/jvv/Desktop/tmp_code/python_Files/ros2-tut/chapt3/topic_wp/install/demo_python_topic/lib/python3.12/site-packages/demo_python_topic/novel_pub_node.py to novel_pub_node.cpython-312.pyc
running install_data
running install_egg_info
removing '/home/jvv/Desktop/tmp_code/python_Files/ros2-tut/chapt3/topic_wp/install/demo_python_topic/lib/python3.12/site-packages/demo_python_topic-0.0.0-py3.12.egg-info' (and everything under it)
Copying ../../build/demo_python_topic/demo_python_topic.egg-info to /home/jvv/Desktop/tmp_code/python_Files/ros2-tut/chapt3/topic_wp/install/demo_python_topic/lib/python3.12/site-packages/demo_python_topic-0.0.0-py3.12.egg-info
running install_scripts
writing list of installed files to '/home/jvv/Desktop/tmp_code/python_Files/ros2-tut/chapt3/topic_wp/build/demo_python_topic/install.log'
