[1.145s] Invoking command in '/home/jvv/Desktop/tmp_code/python_Files/ros2-tut/chapt3/topic_wp/src/demo_python_topic': CONDA_PROMPT_MODIFIER=(ros2-env) DEBUGINFOD_URLS=https://debuginfod.ubuntu.com PYTHONPATH=/home/jvv/Desktop/tmp_code/python_Files/ros2-tut/chapt3/topic_wp/build/demo_python_topic/prefix_override:/usr/lib/python3/dist-packages/colcon_core/task/python/colcon_distutils_commands:/home/jvv/Desktop/tmp_code/python_Files/ros2-tut/chapt3/topic_wp/install/demo_python_topic/lib/python3.12/site-packages:${PYTHONPATH} /usr/bin/python3 -W ignore:setup.py install is deprecated -W ignore:easy_install command is deprecated setup.py egg_info --egg-base ../../build/demo_python_topic build --build-base /home/jvv/Desktop/tmp_code/python_Files/ros2-tut/chapt3/topic_wp/build/demo_python_topic/build install --record /home/jvv/Desktop/tmp_code/python_Files/ros2-tut/chapt3/topic_wp/build/demo_python_topic/install.log --single-version-externally-managed install_data
[1.520s] running egg_info
[1.547s] writing ../../build/demo_python_topic/demo_python_topic.egg-info/PKG-INFO
[1.547s] writing dependency_links to ../../build/demo_python_topic/demo_python_topic.egg-info/dependency_links.txt
[1.548s] writing entry points to ../../build/demo_python_topic/demo_python_topic.egg-info/entry_points.txt
[1.548s] writing requirements to ../../build/demo_python_topic/demo_python_topic.egg-info/requires.txt
[1.549s] writing top-level names to ../../build/demo_python_topic/demo_python_topic.egg-info/top_level.txt
[1.601s] reading manifest file '../../build/demo_python_topic/demo_python_topic.egg-info/SOURCES.txt'
[1.602s] adding license file 'LICENSE'
[1.602s] writing manifest file '../../build/demo_python_topic/demo_python_topic.egg-info/SOURCES.txt'
[1.603s] running build
[1.603s] running build_py
[1.603s] copying demo_python_topic/novel_sub_node.py -> /home/jvv/Desktop/tmp_code/python_Files/ros2-tut/chapt3/topic_wp/build/demo_python_topic/build/lib/demo_python_topic
[1.603s] running install
[1.612s] running install_lib
[1.641s] copying /home/jvv/Desktop/tmp_code/python_Files/ros2-tut/chapt3/topic_wp/build/demo_python_topic/build/lib/demo_python_topic/novel_sub_node.py -> /home/jvv/Desktop/tmp_code/python_Files/ros2-tut/chapt3/topic_wp/install/demo_python_topic/lib/python3.12/site-packages/demo_python_topic
[1.642s] byte-compiling /home/jvv/Desktop/tmp_code/python_Files/ros2-tut/chapt3/topic_wp/install/demo_python_topic/lib/python3.12/site-packages/demo_python_topic/novel_sub_node.py to novel_sub_node.cpython-312.pyc
[1.644s] running install_data
[1.644s] running install_egg_info
[1.673s] removing '/home/jvv/Desktop/tmp_code/python_Files/ros2-tut/chapt3/topic_wp/install/demo_python_topic/lib/python3.12/site-packages/demo_python_topic-0.0.0-py3.12.egg-info' (and everything under it)
[1.674s] Copying ../../build/demo_python_topic/demo_python_topic.egg-info to /home/jvv/Desktop/tmp_code/python_Files/ros2-tut/chapt3/topic_wp/install/demo_python_topic/lib/python3.12/site-packages/demo_python_topic-0.0.0-py3.12.egg-info
[1.675s] running install_scripts
[1.851s] Installing novel_pub_node script to /home/jvv/Desktop/tmp_code/python_Files/ros2-tut/chapt3/topic_wp/install/demo_python_topic/lib/demo_python_topic
[1.851s] Installing novel_sub_node script to /home/jvv/Desktop/tmp_code/python_Files/ros2-tut/chapt3/topic_wp/install/demo_python_topic/lib/demo_python_topic
[1.852s] writing list of installed files to '/home/jvv/Desktop/tmp_code/python_Files/ros2-tut/chapt3/topic_wp/build/demo_python_topic/install.log'
[1.900s] Invoked command in '/home/jvv/Desktop/tmp_code/python_Files/ros2-tut/chapt3/topic_wp/src/demo_python_topic' returned '0': CONDA_PROMPT_MODIFIER=(ros2-env) DEBUGINFOD_URLS=https://debuginfod.ubuntu.com PYTHONPATH=/home/jvv/Desktop/tmp_code/python_Files/ros2-tut/chapt3/topic_wp/build/demo_python_topic/prefix_override:/usr/lib/python3/dist-packages/colcon_core/task/python/colcon_distutils_commands:/home/jvv/Desktop/tmp_code/python_Files/ros2-tut/chapt3/topic_wp/install/demo_python_topic/lib/python3.12/site-packages:${PYTHONPATH} /usr/bin/python3 -W ignore:setup.py install is deprecated -W ignore:easy_install command is deprecated setup.py egg_info --egg-base ../../build/demo_python_topic build --build-base /home/jvv/Desktop/tmp_code/python_Files/ros2-tut/chapt3/topic_wp/build/demo_python_topic/build install --record /home/jvv/Desktop/tmp_code/python_Files/ros2-tut/chapt3/topic_wp/build/demo_python_topic/install.log --single-version-externally-managed install_data
