[1.325s] Invoking command in '/home/jvv/Desktop/tmp_code/python_Files/ros2-tut/chapter2_wp/src/my_first_pkg': CONDA_PROMPT_MODIFIER=(base) DEBUGINFOD_URLS=https://debuginfod.ubuntu.com PYTHONPATH=/home/jvv/Desktop/tmp_code/python_Files/ros2-tut/chapter2_wp/build/my_first_pkg/prefix_override:/usr/lib/python3/dist-packages/colcon_core/task/python/colcon_distutils_commands:/home/jvv/Desktop/tmp_code/python_Files/ros2-tut/chapter2_wp/install/my_first_pkg/lib/python3.12/site-packages:${PYTHONPATH} /usr/bin/python3 -W ignore:setup.py install is deprecated -W ignore:easy_install command is deprecated setup.py egg_info --egg-base ../../build/my_first_pkg build --build-base /home/jvv/Desktop/tmp_code/python_Files/ros2-tut/chapter2_wp/build/my_first_pkg/build install --record /home/jvv/Desktop/tmp_code/python_Files/ros2-tut/chapter2_wp/build/my_first_pkg/install.log --single-version-externally-managed install_data
[1.677s] running egg_info
[1.701s] writing ../../build/my_first_pkg/my_first_pkg.egg-info/PKG-INFO
[1.702s] writing dependency_links to ../../build/my_first_pkg/my_first_pkg.egg-info/dependency_links.txt
[1.702s] writing entry points to ../../build/my_first_pkg/my_first_pkg.egg-info/entry_points.txt
[1.702s] writing requirements to ../../build/my_first_pkg/my_first_pkg.egg-info/requires.txt
[1.703s] writing top-level names to ../../build/my_first_pkg/my_first_pkg.egg-info/top_level.txt
[1.760s] reading manifest file '../../build/my_first_pkg/my_first_pkg.egg-info/SOURCES.txt'
[1.760s] adding license file 'LICENSE'
[1.761s] writing manifest file '../../build/my_first_pkg/my_first_pkg.egg-info/SOURCES.txt'
[1.761s] running build
[1.762s] running build_py
[1.762s] copying my_first_pkg/person_node.py -> /home/jvv/Desktop/tmp_code/python_Files/ros2-tut/chapter2_wp/build/my_first_pkg/build/lib/my_first_pkg
[1.762s] copying my_first_pkg/writer_node.py -> /home/jvv/Desktop/tmp_code/python_Files/ros2-tut/chapter2_wp/build/my_first_pkg/build/lib/my_first_pkg
[1.763s] copying my_first_pkg/fucking_node.py -> /home/jvv/Desktop/tmp_code/python_Files/ros2-tut/chapter2_wp/build/my_first_pkg/build/lib/my_first_pkg
[1.763s] running install
[1.770s] running install_lib
[1.795s] copying /home/jvv/Desktop/tmp_code/python_Files/ros2-tut/chapter2_wp/build/my_first_pkg/build/lib/my_first_pkg/person_node.py -> /home/jvv/Desktop/tmp_code/python_Files/ros2-tut/chapter2_wp/install/my_first_pkg/lib/python3.12/site-packages/my_first_pkg
[1.795s] copying /home/jvv/Desktop/tmp_code/python_Files/ros2-tut/chapter2_wp/build/my_first_pkg/build/lib/my_first_pkg/writer_node.py -> /home/jvv/Desktop/tmp_code/python_Files/ros2-tut/chapter2_wp/install/my_first_pkg/lib/python3.12/site-packages/my_first_pkg
[1.795s] copying /home/jvv/Desktop/tmp_code/python_Files/ros2-tut/chapter2_wp/build/my_first_pkg/build/lib/my_first_pkg/fucking_node.py -> /home/jvv/Desktop/tmp_code/python_Files/ros2-tut/chapter2_wp/install/my_first_pkg/lib/python3.12/site-packages/my_first_pkg
[1.796s] byte-compiling /home/jvv/Desktop/tmp_code/python_Files/ros2-tut/chapter2_wp/install/my_first_pkg/lib/python3.12/site-packages/my_first_pkg/person_node.py to person_node.cpython-312.pyc
[1.796s] byte-compiling /home/jvv/Desktop/tmp_code/python_Files/ros2-tut/chapter2_wp/install/my_first_pkg/lib/python3.12/site-packages/my_first_pkg/writer_node.py to writer_node.cpython-312.pyc
[1.797s] byte-compiling /home/jvv/Desktop/tmp_code/python_Files/ros2-tut/chapter2_wp/install/my_first_pkg/lib/python3.12/site-packages/my_first_pkg/fucking_node.py to fucking_node.cpython-312.pyc
[1.797s] running install_data
[1.797s] running install_egg_info
[1.826s] removing '/home/jvv/Desktop/tmp_code/python_Files/ros2-tut/chapter2_wp/install/my_first_pkg/lib/python3.12/site-packages/my_first_pkg-0.0.0-py3.12.egg-info' (and everything under it)
[1.827s] Copying ../../build/my_first_pkg/my_first_pkg.egg-info to /home/jvv/Desktop/tmp_code/python_Files/ros2-tut/chapter2_wp/install/my_first_pkg/lib/python3.12/site-packages/my_first_pkg-0.0.0-py3.12.egg-info
[1.829s] running install_scripts
[2.015s] Installing fucking_node script to /home/jvv/Desktop/tmp_code/python_Files/ros2-tut/chapter2_wp/install/my_first_pkg/lib/my_first_pkg
[2.015s] Installing person_node script to /home/jvv/Desktop/tmp_code/python_Files/ros2-tut/chapter2_wp/install/my_first_pkg/lib/my_first_pkg
[2.015s] Installing writer_node script to /home/jvv/Desktop/tmp_code/python_Files/ros2-tut/chapter2_wp/install/my_first_pkg/lib/my_first_pkg
[2.015s] writing list of installed files to '/home/jvv/Desktop/tmp_code/python_Files/ros2-tut/chapter2_wp/build/my_first_pkg/install.log'
[2.067s] Invoked command in '/home/jvv/Desktop/tmp_code/python_Files/ros2-tut/chapter2_wp/src/my_first_pkg' returned '0': CONDA_PROMPT_MODIFIER=(base) DEBUGINFOD_URLS=https://debuginfod.ubuntu.com PYTHONPATH=/home/jvv/Desktop/tmp_code/python_Files/ros2-tut/chapter2_wp/build/my_first_pkg/prefix_override:/usr/lib/python3/dist-packages/colcon_core/task/python/colcon_distutils_commands:/home/jvv/Desktop/tmp_code/python_Files/ros2-tut/chapter2_wp/install/my_first_pkg/lib/python3.12/site-packages:${PYTHONPATH} /usr/bin/python3 -W ignore:setup.py install is deprecated -W ignore:easy_install command is deprecated setup.py egg_info --egg-base ../../build/my_first_pkg build --build-base /home/jvv/Desktop/tmp_code/python_Files/ros2-tut/chapter2_wp/build/my_first_pkg/build install --record /home/jvv/Desktop/tmp_code/python_Files/ros2-tut/chapter2_wp/build/my_first_pkg/install.log --single-version-externally-managed install_data
