[1.187s] Invoking command in '/home/jvv/Desktop/tmp_code/python_Files/ros2-tut/chapter2_wp/src/my_first_pkg': CONDA_PROMPT_MODIFIER=(base) DEBUGINFOD_URLS=https://debuginfod.ubuntu.com PYTHONPATH=/home/jvv/Desktop/tmp_code/python_Files/ros2-tut/chapter2_wp/build/my_first_pkg/prefix_override:/usr/lib/python3/dist-packages/colcon_core/task/python/colcon_distutils_commands:/home/jvv/Desktop/tmp_code/python_Files/ros2-tut/chapter2_wp/install/my_first_pkg/lib/python3.12/site-packages:${PYTHONPATH} /usr/bin/python3 -W ignore:setup.py install is deprecated -W ignore:easy_install command is deprecated setup.py egg_info --egg-base ../../build/my_first_pkg build --build-base /home/jvv/Desktop/tmp_code/python_Files/ros2-tut/chapter2_wp/build/my_first_pkg/build install --record /home/jvv/Desktop/tmp_code/python_Files/ros2-tut/chapter2_wp/build/my_first_pkg/install.log --single-version-externally-managed install_data
[1.567s] running egg_info
[1.568s] creating ../../build/my_first_pkg/my_first_pkg.egg-info
[1.595s] writing ../../build/my_first_pkg/my_first_pkg.egg-info/PKG-INFO
[1.595s] writing dependency_links to ../../build/my_first_pkg/my_first_pkg.egg-info/dependency_links.txt
[1.595s] writing entry points to ../../build/my_first_pkg/my_first_pkg.egg-info/entry_points.txt
[1.596s] writing requirements to ../../build/my_first_pkg/my_first_pkg.egg-info/requires.txt
[1.596s] writing top-level names to ../../build/my_first_pkg/my_first_pkg.egg-info/top_level.txt
[1.596s] writing manifest file '../../build/my_first_pkg/my_first_pkg.egg-info/SOURCES.txt'
[1.655s] reading manifest file '../../build/my_first_pkg/my_first_pkg.egg-info/SOURCES.txt'
[1.655s] adding license file 'LICENSE'
[1.656s] writing manifest file '../../build/my_first_pkg/my_first_pkg.egg-info/SOURCES.txt'
[1.656s] running build
[1.656s] running build_py
[1.656s] creating /home/jvv/Desktop/tmp_code/python_Files/ros2-tut/chapter2_wp/build/my_first_pkg/build
[1.657s] creating /home/jvv/Desktop/tmp_code/python_Files/ros2-tut/chapter2_wp/build/my_first_pkg/build/lib
[1.657s] creating /home/jvv/Desktop/tmp_code/python_Files/ros2-tut/chapter2_wp/build/my_first_pkg/build/lib/my_first_pkg
[1.657s] copying my_first_pkg/fucking_node1.py -> /home/jvv/Desktop/tmp_code/python_Files/ros2-tut/chapter2_wp/build/my_first_pkg/build/lib/my_first_pkg
[1.657s] copying my_first_pkg/__init__.py -> /home/jvv/Desktop/tmp_code/python_Files/ros2-tut/chapter2_wp/build/my_first_pkg/build/lib/my_first_pkg
[1.657s] running install
[1.667s] running install_lib
[1.695s] creating /home/jvv/Desktop/tmp_code/python_Files/ros2-tut/chapter2_wp/install/my_first_pkg/lib/python3.12/site-packages/my_first_pkg
[1.695s] copying /home/jvv/Desktop/tmp_code/python_Files/ros2-tut/chapter2_wp/build/my_first_pkg/build/lib/my_first_pkg/fucking_node1.py -> /home/jvv/Desktop/tmp_code/python_Files/ros2-tut/chapter2_wp/install/my_first_pkg/lib/python3.12/site-packages/my_first_pkg
[1.695s] copying /home/jvv/Desktop/tmp_code/python_Files/ros2-tut/chapter2_wp/build/my_first_pkg/build/lib/my_first_pkg/__init__.py -> /home/jvv/Desktop/tmp_code/python_Files/ros2-tut/chapter2_wp/install/my_first_pkg/lib/python3.12/site-packages/my_first_pkg
[1.696s] byte-compiling /home/jvv/Desktop/tmp_code/python_Files/ros2-tut/chapter2_wp/install/my_first_pkg/lib/python3.12/site-packages/my_first_pkg/fucking_node1.py to fucking_node1.cpython-312.pyc
[1.696s] byte-compiling /home/jvv/Desktop/tmp_code/python_Files/ros2-tut/chapter2_wp/install/my_first_pkg/lib/python3.12/site-packages/my_first_pkg/__init__.py to __init__.cpython-312.pyc
[1.696s] running install_data
[1.696s] creating /home/jvv/Desktop/tmp_code/python_Files/ros2-tut/chapter2_wp/install/my_first_pkg/share/ament_index
[1.697s] creating /home/jvv/Desktop/tmp_code/python_Files/ros2-tut/chapter2_wp/install/my_first_pkg/share/ament_index/resource_index
[1.697s] creating /home/jvv/Desktop/tmp_code/python_Files/ros2-tut/chapter2_wp/install/my_first_pkg/share/ament_index/resource_index/packages
[1.697s] copying resource/my_first_pkg -> /home/jvv/Desktop/tmp_code/python_Files/ros2-tut/chapter2_wp/install/my_first_pkg/share/ament_index/resource_index/packages
[1.697s] copying package.xml -> /home/jvv/Desktop/tmp_code/python_Files/ros2-tut/chapter2_wp/install/my_first_pkg/share/my_first_pkg
[1.697s] running install_egg_info
[1.727s] Copying ../../build/my_first_pkg/my_first_pkg.egg-info to /home/jvv/Desktop/tmp_code/python_Files/ros2-tut/chapter2_wp/install/my_first_pkg/lib/python3.12/site-packages/my_first_pkg-0.0.0-py3.12.egg-info
[1.729s] running install_scripts
[1.918s] Installing fucking_node1 script to /home/jvv/Desktop/tmp_code/python_Files/ros2-tut/chapter2_wp/install/my_first_pkg/lib/my_first_pkg
[1.919s] writing list of installed files to '/home/jvv/Desktop/tmp_code/python_Files/ros2-tut/chapter2_wp/build/my_first_pkg/install.log'
[1.968s] Invoked command in '/home/jvv/Desktop/tmp_code/python_Files/ros2-tut/chapter2_wp/src/my_first_pkg' returned '0': CONDA_PROMPT_MODIFIER=(base) DEBUGINFOD_URLS=https://debuginfod.ubuntu.com PYTHONPATH=/home/jvv/Desktop/tmp_code/python_Files/ros2-tut/chapter2_wp/build/my_first_pkg/prefix_override:/usr/lib/python3/dist-packages/colcon_core/task/python/colcon_distutils_commands:/home/jvv/Desktop/tmp_code/python_Files/ros2-tut/chapter2_wp/install/my_first_pkg/lib/python3.12/site-packages:${PYTHONPATH} /usr/bin/python3 -W ignore:setup.py install is deprecated -W ignore:easy_install command is deprecated setup.py egg_info --egg-base ../../build/my_first_pkg build --build-base /home/jvv/Desktop/tmp_code/python_Files/ros2-tut/chapter2_wp/build/my_first_pkg/build install --record /home/jvv/Desktop/tmp_code/python_Files/ros2-tut/chapter2_wp/build/my_first_pkg/install.log --single-version-externally-managed install_data
