[1.184s] Invoking command in '/home/jvv/Desktop/tmp_code/python_Files/ros2-tut/chapter2_wp/src/my_first_pkg': CONDA_PROMPT_MODIFIER=(base) DEBUGINFOD_URLS=https://debuginfod.ubuntu.com PYTHONPATH=/home/jvv/Desktop/tmp_code/python_Files/ros2-tut/chapter2_wp/build/my_first_pkg/prefix_override:/usr/lib/python3/dist-packages/colcon_core/task/python/colcon_distutils_commands:/home/jvv/Desktop/tmp_code/python_Files/ros2-tut/chapter2_wp/install/my_first_pkg/lib/python3.12/site-packages:${PYTHONPATH} /usr/bin/python3 -W ignore:setup.py install is deprecated -W ignore:easy_install command is deprecated setup.py egg_info --egg-base ../../build/my_first_pkg build --build-base /home/jvv/Desktop/tmp_code/python_Files/ros2-tut/chapter2_wp/build/my_first_pkg/build install --record /home/jvv/Desktop/tmp_code/python_Files/ros2-tut/chapter2_wp/build/my_first_pkg/install.log --single-version-externally-managed install_data
[1.593s] running egg_info
[1.621s] writing ../../build/my_first_pkg/my_first_pkg.egg-info/PKG-INFO
[1.622s] writing dependency_links to ../../build/my_first_pkg/my_first_pkg.egg-info/dependency_links.txt
[1.622s] writing entry points to ../../build/my_first_pkg/my_first_pkg.egg-info/entry_points.txt
[1.623s] writing requirements to ../../build/my_first_pkg/my_first_pkg.egg-info/requires.txt
[1.623s] writing top-level names to ../../build/my_first_pkg/my_first_pkg.egg-info/top_level.txt
[1.678s] reading manifest file '../../build/my_first_pkg/my_first_pkg.egg-info/SOURCES.txt'
[1.678s] adding license file 'LICENSE'
[1.680s] writing manifest file '../../build/my_first_pkg/my_first_pkg.egg-info/SOURCES.txt'
[1.680s] running build
[1.680s] running build_py
[1.680s] running install
[1.689s] running install_lib
[1.718s] running install_data
[1.719s] running install_egg_info
[1.750s] removing '/home/jvv/Desktop/tmp_code/python_Files/ros2-tut/chapter2_wp/install/my_first_pkg/lib/python3.12/site-packages/my_first_pkg-0.0.0-py3.12.egg-info' (and everything under it)
[1.750s] Copying ../../build/my_first_pkg/my_first_pkg.egg-info to /home/jvv/Desktop/tmp_code/python_Files/ros2-tut/chapter2_wp/install/my_first_pkg/lib/python3.12/site-packages/my_first_pkg-0.0.0-py3.12.egg-info
[1.752s] running install_scripts
[1.934s] Installing fucking_node script to /home/jvv/Desktop/tmp_code/python_Files/ros2-tut/chapter2_wp/install/my_first_pkg/lib/my_first_pkg
[1.935s] Installing person_node script to /home/jvv/Desktop/tmp_code/python_Files/ros2-tut/chapter2_wp/install/my_first_pkg/lib/my_first_pkg
[1.935s] Installing writer_node script to /home/jvv/Desktop/tmp_code/python_Files/ros2-tut/chapter2_wp/install/my_first_pkg/lib/my_first_pkg
[1.935s] writing list of installed files to '/home/jvv/Desktop/tmp_code/python_Files/ros2-tut/chapter2_wp/build/my_first_pkg/install.log'
[1.985s] Invoked command in '/home/jvv/Desktop/tmp_code/python_Files/ros2-tut/chapter2_wp/src/my_first_pkg' returned '0': CONDA_PROMPT_MODIFIER=(base) DEBUGINFOD_URLS=https://debuginfod.ubuntu.com PYTHONPATH=/home/jvv/Desktop/tmp_code/python_Files/ros2-tut/chapter2_wp/build/my_first_pkg/prefix_override:/usr/lib/python3/dist-packages/colcon_core/task/python/colcon_distutils_commands:/home/jvv/Desktop/tmp_code/python_Files/ros2-tut/chapter2_wp/install/my_first_pkg/lib/python3.12/site-packages:${PYTHONPATH} /usr/bin/python3 -W ignore:setup.py install is deprecated -W ignore:easy_install command is deprecated setup.py egg_info --egg-base ../../build/my_first_pkg build --build-base /home/jvv/Desktop/tmp_code/python_Files/ros2-tut/chapter2_wp/build/my_first_pkg/build install --record /home/jvv/Desktop/tmp_code/python_Files/ros2-tut/chapter2_wp/build/my_first_pkg/install.log --single-version-externally-managed install_data
